<?xml version="1.0" encoding="UTF-8"?>
<testng-results ignored="0" total="1" passed="1" failed="0" skipped="0">
  <reporter-output>
  </reporter-output>
  <suite started-at="2024-02-07T20:45:36 IST" name="Default suite" finished-at="2024-02-07T20:45:46 IST" duration-ms="10136">
    <groups>
    </groups>
    <test started-at="2024-02-07T20:45:36 IST" name="Default test" finished-at="2024-02-07T20:45:46 IST" duration-ms="10136">
      <class name="smokeTest.loginPage">
        <test-method is-config="true" signature="myBeforeTest()[pri:0, instance:smokeTest.loginPage@1f97cf0d]" started-at="2024-02-07T20:45:34 IST" name="myBeforeTest" finished-at="2024-02-07T20:45:36 IST" duration-ms="1529" status="PASS">
          <reporter-output>
          </reporter-output>
        </test-method> <!-- myBeforeTest -->
        <test-method signature="login()[pri:0, instance:smokeTest.loginPage@1f97cf0d]" started-at="2024-02-07T20:45:36 IST" name="login" description="Login functionality" finished-at="2024-02-07T20:45:46 IST" duration-ms="10110" status="PASS">
          <reporter-output>
          </reporter-output>
        </test-method> <!-- login -->
        <test-method is-config="true" signature="myAfterTest()[pri:0, instance:smokeTest.loginPage@1f97cf0d]" started-at="2024-02-07T20:45:46 IST" name="myAfterTest" finished-at="2024-02-07T20:45:46 IST" duration-ms="126" status="PASS">
          <reporter-output>
          </reporter-output>
        </test-method> <!-- myAfterTest -->
      </class> <!-- smokeTest.loginPage -->
    </test> <!-- Default test -->
  </suite> <!-- Default suite -->
</testng-results>
